2024-06-04 20:34:21 - CarbonTracker: The following components were found: GPU with device(s) NVIDIA GeForce RTX 4090 Laptop GPU.
2024-06-04 20:35:17 - CarbonTracker: Average carbon intensity during training was 374.46 gCO2/kWh at detected location: Santiago, Santiago Metropolitan, CL.
2024-06-04 20:35:17 - CarbonTracker: 
Actual consumption for 1 epoch(s):
	Time:	0:00:55
	Energy:	0.009528411121 kWh
	CO2eq:	3.568039604995 g
	This is equivalent to:
	0.033191066093 km travelled by car
2024-06-04 20:35:17 - CarbonTracker: Live carbon intensity could not be fetched at detected location: Santiago, Santiago Metropolitan, CL. Defaulted to average carbon intensity for CL in 2021 of 374.46 gCO2/kWh. at detected location: Santiago, Santiago Metropolitan, CL.
2024-06-04 20:35:17 - CarbonTracker: 
Predicted consumption for 1 epoch(s):
	Time:	0:00:55
	Energy:	0.009528411121 kWh
	CO2eq:	3.568039604995 g
	This is equivalent to:
	0.033191066093 km travelled by car
2024-06-04 20:35:17 - CarbonTracker: Finished monitoring.
2024-06-04 20:37:57 - CarbonTracker: The following components were found: GPU with device(s) NVIDIA GeForce RTX 4090 Laptop GPU.
2024-06-04 20:38:38 - CarbonTracker: Average carbon intensity during training was 374.46 gCO2/kWh at detected location: Santiago, Santiago Metropolitan, CL.
2024-06-04 20:38:38 - CarbonTracker: 
Actual consumption for 1 epoch(s):
	Time:	0:00:40
	Energy:	0.006951372642 kWh
	CO2eq:	2.603033452537 g
	This is equivalent to:
	0.024214264675 km travelled by car
2024-06-04 20:38:38 - CarbonTracker: Live carbon intensity could not be fetched at detected location: Santiago, Santiago Metropolitan, CL. Defaulted to average carbon intensity for CL in 2021 of 374.46 gCO2/kWh. at detected location: Santiago, Santiago Metropolitan, CL.
2024-06-04 20:38:38 - CarbonTracker: 
Predicted consumption for 1 epoch(s):
	Time:	0:00:40
	Energy:	0.006951372642 kWh
	CO2eq:	2.603033452537 g
	This is equivalent to:
	0.024214264675 km travelled by car
2024-06-04 20:38:38 - CarbonTracker: Finished monitoring.
2024-06-04 20:47:20 - CarbonTracker: The following components were found: GPU with device(s) NVIDIA GeForce RTX 4090 Laptop GPU.
2024-06-04 20:48:16 - CarbonTracker: Average carbon intensity during training was 374.46 gCO2/kWh at detected location: Santiago, Santiago Metropolitan, CL.
2024-06-04 20:48:16 - CarbonTracker: 
Actual consumption for 1 epoch(s):
	Time:	0:00:55
	Energy:	0.009574074023 kWh
	CO2eq:	3.585138682793 g
	This is equivalent to:
	0.033350127282 km travelled by car
2024-06-04 20:48:16 - CarbonTracker: Live carbon intensity could not be fetched at detected location: Santiago, Santiago Metropolitan, CL. Defaulted to average carbon intensity for CL in 2021 of 374.46 gCO2/kWh. at detected location: Santiago, Santiago Metropolitan, CL.
2024-06-04 20:48:16 - CarbonTracker: 
Predicted consumption for 1 epoch(s):
	Time:	0:00:55
	Energy:	0.009574074023 kWh
	CO2eq:	3.585138682793 g
	This is equivalent to:
	0.033350127282 km travelled by car
2024-06-04 20:48:16 - CarbonTracker: Finished monitoring.
2024-06-04 20:51:39 - CarbonTracker: The following components were found: GPU with device(s) NVIDIA GeForce RTX 4090 Laptop GPU.
2024-06-04 20:52:39 - CarbonTracker: Average carbon intensity during training was 374.46 gCO2/kWh at detected location: Santiago, Santiago Metropolitan, CL.
2024-06-04 20:52:39 - CarbonTracker: 
Actual consumption for 1 epoch(s):
	Time:	0:01:00
	Energy:	0.012452121068 kWh
	CO2eq:	4.662861475526 g
	This is equivalent to:
	0.043375455586 km travelled by car
2024-06-04 20:52:39 - CarbonTracker: Live carbon intensity could not be fetched at detected location: Santiago, Santiago Metropolitan, CL. Defaulted to average carbon intensity for CL in 2021 of 374.46 gCO2/kWh. at detected location: Santiago, Santiago Metropolitan, CL.
2024-06-04 20:52:39 - CarbonTracker: 
Predicted consumption for 1 epoch(s):
	Time:	0:01:00
	Energy:	0.012452121068 kWh
	CO2eq:	4.662861475526 g
	This is equivalent to:
	0.043375455586 km travelled by car
2024-06-04 20:52:39 - CarbonTracker: Finished monitoring.
2024-06-04 20:56:07 - CarbonTracker: The following components were found: GPU with device(s) NVIDIA GeForce RTX 4090 Laptop GPU.
2024-06-04 20:56:53 - CarbonTracker: Average carbon intensity during training was 374.46 gCO2/kWh at detected location: Santiago, Santiago Metropolitan, CL.
2024-06-04 20:56:53 - CarbonTracker: 
Actual consumption for 1 epoch(s):
	Time:	0:00:45
	Energy:	0.011577595357 kWh
	CO2eq:	4.335383752991 g
	This is equivalent to:
	0.040329151191 km travelled by car
2024-06-04 20:56:54 - CarbonTracker: Live carbon intensity could not be fetched at detected location: Santiago, Santiago Metropolitan, CL. Defaulted to average carbon intensity for CL in 2021 of 374.46 gCO2/kWh. at detected location: Santiago, Santiago Metropolitan, CL.
2024-06-04 20:56:54 - CarbonTracker: 
Predicted consumption for 1 epoch(s):
	Time:	0:00:45
	Energy:	0.011577595357 kWh
	CO2eq:	4.335383752991 g
	This is equivalent to:
	0.040329151191 km travelled by car
2024-06-04 20:56:54 - CarbonTracker: Finished monitoring.
