2024-06-04 20:37:57 - carbontracker version 1.2.5
2024-06-04 20:37:57 - Only predicted and actual consumptions are multiplied by a PUE coefficient of 1.55 (Rhonda Ascierto, 2022, Uptime Institute Global Data Center Survey).
2024-06-04 20:37:57 - The following components were found: GPU with device(s) NVIDIA GeForce RTX 4090 Laptop GPU.
2024-06-04 20:37:57 - Monitoring thread started.
2024-06-04 20:38:37 - Epoch 1:
2024-06-04 20:38:37 - Duration: 0:00:40.09
2024-06-04 20:38:37 - Average power usage (W) for gpu: [402.75733333]
2024-06-04 20:38:38 - Carbon intensities (gCO2/kWh) fetched every 900 s at detected location Santiago, Santiago Metropolitan, CL: [374.46323]
2024-06-04 20:38:38 - Average carbon intensity during training was 374.46 gCO2/kWh at detected location: Santiago, Santiago Metropolitan, CL.
2024-06-04 20:38:38 - Live carbon intensity could not be fetched at detected location: Santiago, Santiago Metropolitan, CL. Defaulted to average carbon intensity for CL in 2021 of 374.46 gCO2/kWh. at detected location: Santiago, Santiago Metropolitan, CL.
2024-06-04 20:38:38 - Monitoring thread ended.
2024-06-04 20:47:20 - carbontracker version 1.2.5
2024-06-04 20:47:20 - Only predicted and actual consumptions are multiplied by a PUE coefficient of 1.55 (Rhonda Ascierto, 2022, Uptime Institute Global Data Center Survey).
2024-06-04 20:47:20 - The following components were found: GPU with device(s) NVIDIA GeForce RTX 4090 Laptop GPU.
2024-06-04 20:47:20 - Monitoring thread started.
2024-06-04 20:48:15 - Epoch 1:
2024-06-04 20:48:15 - Duration: 0:00:55.20
2024-06-04 20:48:15 - Average power usage (W) for gpu: [402.84083333]
2024-06-04 20:48:16 - Carbon intensities (gCO2/kWh) fetched every 900 s at detected location Santiago, Santiago Metropolitan, CL: [374.46323]
2024-06-04 20:48:16 - Average carbon intensity during training was 374.46 gCO2/kWh at detected location: Santiago, Santiago Metropolitan, CL.
2024-06-04 20:48:16 - Live carbon intensity could not be fetched at detected location: Santiago, Santiago Metropolitan, CL. Defaulted to average carbon intensity for CL in 2021 of 374.46 gCO2/kWh. at detected location: Santiago, Santiago Metropolitan, CL.
2024-06-04 20:48:16 - Monitoring thread ended.
2024-06-04 20:51:39 - carbontracker version 1.2.5
2024-06-04 20:51:39 - Only predicted and actual consumptions are multiplied by a PUE coefficient of 1.55 (Rhonda Ascierto, 2022, Uptime Institute Global Data Center Survey).
2024-06-04 20:51:39 - The following components were found: GPU with device(s) NVIDIA GeForce RTX 4090 Laptop GPU.
2024-06-04 20:51:39 - Monitoring thread started.
2024-06-04 20:52:39 - Epoch 1:
2024-06-04 20:52:39 - Duration: 0:01:00.37
2024-06-04 20:52:39 - Average power usage (W) for gpu: [479.0876]
2024-06-04 20:52:39 - Carbon intensities (gCO2/kWh) fetched every 900 s at detected location Santiago, Santiago Metropolitan, CL: [374.46323]
2024-06-04 20:52:39 - Average carbon intensity during training was 374.46 gCO2/kWh at detected location: Santiago, Santiago Metropolitan, CL.
2024-06-04 20:52:39 - Live carbon intensity could not be fetched at detected location: Santiago, Santiago Metropolitan, CL. Defaulted to average carbon intensity for CL in 2021 of 374.46 gCO2/kWh. at detected location: Santiago, Santiago Metropolitan, CL.
2024-06-04 20:52:39 - Monitoring thread ended.
2024-06-04 20:56:07 - carbontracker version 1.2.5
2024-06-04 20:56:07 - Only predicted and actual consumptions are multiplied by a PUE coefficient of 1.55 (Rhonda Ascierto, 2022, Uptime Institute Global Data Center Survey).
2024-06-04 20:56:07 - The following components were found: GPU with device(s) NVIDIA GeForce RTX 4090 Laptop GPU.
2024-06-04 20:56:07 - Monitoring thread started.
2024-06-04 20:56:53 - Epoch 1:
2024-06-04 20:56:53 - Duration: 0:00:45.31
2024-06-04 20:56:53 - Average power usage (W) for gpu: [593.506]
2024-06-04 20:56:53 - Carbon intensities (gCO2/kWh) fetched every 900 s at detected location Santiago, Santiago Metropolitan, CL: [374.46323]
2024-06-04 20:56:53 - Average carbon intensity during training was 374.46 gCO2/kWh at detected location: Santiago, Santiago Metropolitan, CL.
2024-06-04 20:56:54 - Live carbon intensity could not be fetched at detected location: Santiago, Santiago Metropolitan, CL. Defaulted to average carbon intensity for CL in 2021 of 374.46 gCO2/kWh. at detected location: Santiago, Santiago Metropolitan, CL.
2024-06-04 20:56:54 - Monitoring thread ended.
