2024-06-06 17:15:23,452 - CarbonIntensityThread - WARNING - Failed to retrieve carbon intensity: Defaulting to average carbon intensity 374.46323 gCO2/kWh.
2024-06-06 17:30:23,658 - CarbonIntensityThread - WARNING - Failed to retrieve carbon intensity: Defaulting to average carbon intensity 374.46323 gCO2/kWh.
2024-06-06 17:45:23,824 - CarbonIntensityThread - WARNING - Failed to retrieve carbon intensity: Defaulting to average carbon intensity 374.46323 gCO2/kWh.
2024-06-06 17:45:45,196 - MainThread - CRITICAL - Traceback (most recent call last):
  File "c:\Users\EVILAB\AppData\Local\Programs\Python\Python312\Lib\site-packages\carbontracker\tracker.py", line 293, in epoch_end
    self.tracker.epoch_end()
  File "c:\Users\EVILAB\AppData\Local\Programs\Python\Python312\Lib\site-packages\carbontracker\tracker.py", line 154, in epoch_end
    self._log_epoch_measurements()
  File "c:\Users\EVILAB\AppData\Local\Programs\Python\Python312\Lib\site-packages\carbontracker\tracker.py", line 172, in _log_epoch_measurements
    power_avg = np.mean(comp.power_usages[-1], axis=0)
                ^^^^^^^^^^^^^^^^^^^^^^^^^^^^^^^^^^^^^^
  File "c:\Users\EVILAB\AppData\Local\Programs\Python\Python312\Lib\site-packages\numpy\core\fromnumeric.py", line 3504, in mean
    return _methods._mean(a, axis=axis, dtype=dtype,
           ^^^^^^^^^^^^^^^^^^^^^^^^^^^^^^^^^^^^^^^^^
  File "c:\Users\EVILAB\AppData\Local\Programs\Python\Python312\Lib\site-packages\numpy\core\_methods.py", line 102, in _mean
    arr = asanyarray(a)
          ^^^^^^^^^^^^^
ValueError: setting an array element with a sequence. The requested array has an inhomogeneous shape after 1 dimensions. The detected shape was (182,) + inhomogeneous part.

2024-06-06 18:00:24,001 - CarbonIntensityThread - WARNING - Failed to retrieve carbon intensity: Defaulting to average carbon intensity 374.46323 gCO2/kWh.
2024-06-06 18:15:24,183 - CarbonIntensityThread - WARNING - Failed to retrieve carbon intensity: Defaulting to average carbon intensity 374.46323 gCO2/kWh.
2024-06-06 18:30:24,357 - CarbonIntensityThread - WARNING - Failed to retrieve carbon intensity: Defaulting to average carbon intensity 374.46323 gCO2/kWh.
2024-06-06 18:45:24,526 - CarbonIntensityThread - WARNING - Failed to retrieve carbon intensity: Defaulting to average carbon intensity 374.46323 gCO2/kWh.
2024-06-06 19:00:24,716 - CarbonIntensityThread - WARNING - Failed to retrieve carbon intensity: Defaulting to average carbon intensity 374.46323 gCO2/kWh.
2024-06-06 19:15:24,919 - CarbonIntensityThread - WARNING - Failed to retrieve carbon intensity: Defaulting to average carbon intensity 374.46323 gCO2/kWh.
2024-06-06 19:30:25,085 - CarbonIntensityThread - WARNING - Failed to retrieve carbon intensity: Defaulting to average carbon intensity 374.46323 gCO2/kWh.
2024-06-06 19:45:25,273 - CarbonIntensityThread - WARNING - Failed to retrieve carbon intensity: Defaulting to average carbon intensity 374.46323 gCO2/kWh.
2024-06-06 20:00:25,478 - CarbonIntensityThread - WARNING - Failed to retrieve carbon intensity: Defaulting to average carbon intensity 374.46323 gCO2/kWh.
2024-06-06 20:15:25,645 - CarbonIntensityThread - WARNING - Failed to retrieve carbon intensity: Defaulting to average carbon intensity 374.46323 gCO2/kWh.
2024-06-06 20:30:25,826 - CarbonIntensityThread - WARNING - Failed to retrieve carbon intensity: Defaulting to average carbon intensity 374.46323 gCO2/kWh.
2024-06-06 20:45:26,256 - CarbonIntensityThread - WARNING - Failed to retrieve carbon intensity: Defaulting to average carbon intensity 374.46323 gCO2/kWh.
