2024-06-06 20:40:41 - carbontracker version 1.2.5
2024-06-06 20:40:41 - Only predicted and actual consumptions are multiplied by a PUE coefficient of 1.55 (Rhonda Ascierto, 2022, Uptime Institute Global Data Center Survey).
2024-06-06 20:40:41 - The following components were found: GPU with device(s) NVIDIA GeForce RTX 4090 Laptop GPU.
2024-06-06 20:40:41 - Monitoring thread started.
2024-06-06 20:42:53 - Epoch 1:
2024-06-06 20:42:53 - Duration: 0:02:11.12
2024-06-06 20:42:53 - Average power usage (W) for gpu: [75.58057143]
2024-06-06 20:42:53 - Carbon intensities (gCO2/kWh) fetched every 900 s at detected location Santiago, Santiago Metropolitan, CL: [374.46323]
2024-06-06 20:42:53 - Average carbon intensity during training was 374.46 gCO2/kWh at detected location: Santiago, Santiago Metropolitan, CL.
2024-06-06 20:42:53 - Live carbon intensity could not be fetched at detected location: Santiago, Santiago Metropolitan, CL. Defaulted to average carbon intensity for CL in 2021 of 374.46 gCO2/kWh. at detected location: Santiago, Santiago Metropolitan, CL.
2024-06-06 20:42:53 - Monitoring thread ended.
2024-06-06 20:44:57 - carbontracker version 1.2.5
2024-06-06 20:44:57 - Only predicted and actual consumptions are multiplied by a PUE coefficient of 1.55 (Rhonda Ascierto, 2022, Uptime Institute Global Data Center Survey).
2024-06-06 20:44:57 - The following components were found: GPU with device(s) NVIDIA GeForce RTX 4090 Laptop GPU.
2024-06-06 20:44:57 - Monitoring thread started.
2024-06-06 20:47:20 - Epoch 1:
2024-06-06 20:47:20 - Duration: 0:02:23.00
2024-06-06 20:48:04 - carbontracker version 1.2.5
2024-06-06 20:48:04 - Only predicted and actual consumptions are multiplied by a PUE coefficient of 1.55 (Rhonda Ascierto, 2022, Uptime Institute Global Data Center Survey).
2024-06-06 20:48:04 - The following components were found: GPU with device(s) NVIDIA GeForce RTX 4090 Laptop GPU.
2024-06-06 20:48:04 - Monitoring thread started.
2024-06-06 20:50:16 - Epoch 1:
2024-06-06 20:50:16 - Duration: 0:02:11.63
