2024-06-04 18:13:43 - carbontracker version 1.2.5
2024-06-04 18:13:43 - Only predicted and actual consumptions are multiplied by a PUE coefficient of 1.55 (Rhonda Ascierto, 2022, Uptime Institute Global Data Center Survey).
2024-06-04 18:13:43 - The following components were found: GPU with device(s) NVIDIA GeForce RTX 4090 Laptop GPU.
2024-06-04 18:13:43 - Monitoring thread started.
2024-06-04 18:20:49 - Epoch 1:
2024-06-04 18:20:49 - Duration: 0:07:05.67
2024-06-04 18:20:49 - Average power usage (W) for gpu: [321.3202439]
2024-06-04 18:20:49 - Carbon intensities (gCO2/kWh) fetched every 900 s at detected location Santiago, Santiago Metropolitan, CL: [374.46323]
2024-06-04 18:20:49 - Average carbon intensity during training was 374.46 gCO2/kWh at detected location: Santiago, Santiago Metropolitan, CL.
2024-06-04 18:20:49 - Live carbon intensity could not be fetched at detected location: Santiago, Santiago Metropolitan, CL. Defaulted to average carbon intensity for CL in 2021 of 374.46 gCO2/kWh. at detected location: Santiago, Santiago Metropolitan, CL.
2024-06-04 18:20:49 - Monitoring thread ended.
2024-06-04 18:32:53 - carbontracker version 1.2.5
2024-06-04 18:32:53 - Only predicted and actual consumptions are multiplied by a PUE coefficient of 1.55 (Rhonda Ascierto, 2022, Uptime Institute Global Data Center Survey).
2024-06-04 18:32:53 - The following components were found: GPU with device(s) NVIDIA GeForce RTX 4090 Laptop GPU.
2024-06-04 18:32:53 - Monitoring thread started.
2024-06-04 18:39:31 - Epoch 1:
2024-06-04 18:39:31 - Duration: 0:06:37.43
2024-06-04 18:39:31 - Average power usage (W) for gpu: [545.65825641]
2024-06-04 18:39:32 - Carbon intensities (gCO2/kWh) fetched every 900 s at detected location Santiago, Santiago Metropolitan, CL: [374.46323]
2024-06-04 18:39:32 - Average carbon intensity during training was 374.46 gCO2/kWh at detected location: Santiago, Santiago Metropolitan, CL.
2024-06-04 18:39:32 - Live carbon intensity could not be fetched at detected location: Santiago, Santiago Metropolitan, CL. Defaulted to average carbon intensity for CL in 2021 of 374.46 gCO2/kWh. at detected location: Santiago, Santiago Metropolitan, CL.
2024-06-04 18:39:32 - Monitoring thread ended.
