2024-06-04 19:04:37 - CarbonTracker: The following components were found: GPU with device(s) NVIDIA GeForce RTX 4090 Laptop GPU.
2024-06-04 19:04:43 - CarbonTracker: Average carbon intensity during training was 374.46 gCO2/kWh at detected location: Santiago, Santiago Metropolitan, CL.
2024-06-04 19:04:43 - CarbonTracker: 
Actual consumption for 1 epoch(s):
	Time:	0:00:05
	Energy:	0.001260089728 kWh
	CO2eq:	0.471857269530 g
	This is equivalent to:
	0.004389369949 km travelled by car
2024-06-04 19:04:43 - CarbonTracker: Live carbon intensity could not be fetched at detected location: Santiago, Santiago Metropolitan, CL. Defaulted to average carbon intensity for CL in 2021 of 374.46 gCO2/kWh. at detected location: Santiago, Santiago Metropolitan, CL.
2024-06-04 19:04:43 - CarbonTracker: 
Predicted consumption for 1 epoch(s):
	Time:	0:00:05
	Energy:	0.001260089728 kWh
	CO2eq:	0.471857269530 g
	This is equivalent to:
	0.004389369949 km travelled by car
2024-06-04 19:04:43 - CarbonTracker: Finished monitoring.
2024-06-04 19:06:54 - CarbonTracker: The following components were found: GPU with device(s) NVIDIA GeForce RTX 4090 Laptop GPU.
2024-06-04 19:08:02 - CarbonTracker: The following components were found: GPU with device(s) NVIDIA GeForce RTX 4090 Laptop GPU.
2024-06-04 20:09:36 - CarbonTracker: Average carbon intensity during training was 374.46 gCO2/kWh at detected location: Santiago, Santiago Metropolitan, CL.
2024-06-04 20:09:36 - CarbonTracker: 
Actual consumption for 1 epoch(s):
	Time:	1:01:33
	Energy:	0.072257573176 kWh
	CO2eq:	27.057804243487 g
	This is equivalent to:
	0.251700504591 km travelled by car
2024-06-04 20:09:36 - CarbonTracker: Live carbon intensity could not be fetched at detected location: Santiago, Santiago Metropolitan, CL. Defaulted to average carbon intensity for CL in 2021 of 374.46 gCO2/kWh. at detected location: Santiago, Santiago Metropolitan, CL.
2024-06-04 20:09:36 - CarbonTracker: 
Predicted consumption for 1 epoch(s):
	Time:	1:01:33
	Energy:	0.072257573176 kWh
	CO2eq:	27.057804243487 g
	This is equivalent to:
	0.251700504591 km travelled by car
2024-06-04 20:09:36 - CarbonTracker: Finished monitoring.
